# JRE version: Java(TM) SE Runtime Environment (7.0_79-b15) (build 1.7.0_79-b15)
# Java VM: Java HotSpot(TM) 64-Bit Server VM (24.79-b02 mixed mode bsd-amd64 compressed oops)
Heap
 PSYoungGen      total 310784K, used 238212K [0x00000007eaa80000, 0x00000007ff600000, 0x0000000800000000)
  eden space 297984K, 75% used [0x00000007eaa80000,0x00000007f86d36b0,0x00000007fcd80000)
  from space 12800K, 98% used [0x00000007fdb00000,0x00000007fe74da70,0x00000007fe780000)
  to   space 14848K, 0% used [0x00000007fe780000,0x00000007fe780000,0x00000007ff600000)
 ParOldGen       total 87040K, used 47084K [0x00000007c0000000, 0x00000007c5500000, 0x00000007eaa80000)
  object space 87040K, 54% used [0x00000007c0000000,0x00000007c2dfb3b8,0x00000007c5500000)
 PSPermGen       total 84992K, used 46841K [0x00000007b0000000, 0x00000007b5300000, 0x00000007c0000000)
  object space 84992K, 55% used [0x00000007b0000000,0x00000007b2dbe768,0x00000007b5300000)
GC Heap History (10 events):
Event: 26.798 GC heap before
{Heap before GC invocations=12 (full 0):
 PSYoungGen      total 225792K, used 220812K [0x00000007eaa80000, 0x0000000800000000, 0x0000000800000000)
  eden space 215552K, 100% used [0x00000007eaa80000,0x00000007f7d00000,0x00000007f7d00000)
  from space 10240K, 51% used [0x00000007f7d00000,0x00000007f8223138,0x00000007f8700000)
  to   space 10240K, 0% used [0x00000007ff600000,0x00000007ff600000,0x0000000800000000)
 ParOldGen       total 87040K, used 17279K [0x00000007c0000000, 0x00000007c5500000, 0x00000007eaa80000)
  object space 87040K, 19% used [0x00000007c0000000,0x00000007c10dfde0,0x00000007c5500000)
 PSPermGen       total 28672K, used 28508K [0x00000007b0000000, 0x00000007b1c00000, 0x00000007c0000000)
  object space 28672K, 99% used [0x00000007b0000000,0x00000007b1bd72a0,0x00000007b1c00000)
Event: 26.823 GC heap after
Heap after GC invocations=12 (full 0):
 PSYoungGen      total 338432K, used 4820K [0x00000007eaa80000, 0x00000007fff00000, 0x0000000800000000)
  eden space 329216K, 0% used [0x00000007eaa80000,0x00000007eaa80000,0x00000007fec00000)
  from space 9216K, 52% used [0x00000007ff600000,0x00000007ffab53a0,0x00000007fff00000)
  to   space 9728K, 0% used [0x00000007fec00000,0x00000007fec00000,0x00000007ff580000)
 ParOldGen       total 87040K, used 20671K [0x00000007c0000000, 0x00000007c5500000, 0x00000007eaa80000)
  object space 87040K, 23% used [0x00000007c0000000,0x00000007c142fe70,0x00000007c5500000)
 PSPermGen       total 28672K, used 28508K [0x00000007b0000000, 0x00000007b1c00000, 0x00000007c0000000)
  object space 28672K, 99% used [0x00000007b0000000,0x00000007b1bd72a0,0x00000007b1c00000)
}
Event: 38.296 GC heap before
{Heap before GC invocations=13 (full 0):
 PSYoungGen      total 338432K, used 334036K [0x00000007eaa80000, 0x00000007fff00000, 0x0000000800000000)
  eden space 329216K, 100% used [0x00000007eaa80000,0x00000007fec00000,0x00000007fec00000)
  from space 9216K, 52% used [0x00000007ff600000,0x00000007ffab53a0,0x00000007fff00000)
  to   space 9728K, 0% used [0x00000007fec00000,0x00000007fec00000,0x00000007ff580000)
 ParOldGen       total 87040K, used 20671K [0x00000007c0000000, 0x00000007c5500000, 0x00000007eaa80000)
  object space 87040K, 23% used [0x00000007c0000000,0x00000007c142fe70,0x00000007c5500000)
 PSPermGen       total 39936K, used 39473K [0x00000007b0000000, 0x00000007b2700000, 0x00000007c0000000)
  object space 39936K, 98% used [0x00000007b0000000,0x00000007b268c558,0x00000007b2700000)
Event: 38.437 GC heap after
Heap after GC invocations=13 (full 0):
 PSYoungGen      total 338944K, used 9728K [0x00000007eaa80000, 0x0000000800000000, 0x0000000800000000)
  eden space 329216K, 0% used [0x00000007eaa80000,0x00000007eaa80000,0x00000007fec00000)
  from space 9728K, 100% used [0x00000007fec00000,0x00000007ff580000,0x00000007ff580000)
  to   space 10752K, 0% used [0x00000007ff580000,0x00000007ff580000,0x0000000800000000)
 ParOldGen       total 87040K, used 44043K [0x00000007c0000000, 0x00000007c5500000, 0x00000007eaa80000)
  object space 87040K, 50% used [0x00000007c0000000,0x00000007c2b02d28,0x00000007c5500000)
 PSPermGen       total 39936K, used 39473K [0x00000007b0000000, 0x00000007b2700000, 0x00000007c0000000)
  object space 39936K, 98% used [0x00000007b0000000,0x00000007b268c558,0x00000007b2700000)
}
Event: 42.893 GC heap before
{Heap before GC invocations=14 (full 0):
 PSYoungGen      total 338944K, used 103811K [0x00000007eaa80000, 0x0000000800000000, 0x0000000800000000)
  eden space 329216K, 28% used [0x00000007eaa80000,0x00000007f0660ff8,0x00000007fec00000)
  from space 9728K, 100% used [0x00000007fec00000,0x00000007ff580000,0x00000007ff580000)
  to   space 10752K, 0% used [0x00000007ff580000,0x00000007ff580000,0x0000000800000000)
 ParOldGen       total 87040K, used 44043K [0x00000007c0000000, 0x00000007c5500000, 0x00000007eaa80000)
  object space 87040K, 50% used [0x00000007c0000000,0x00000007c2b02d28,0x00000007c5500000)
 PSPermGen       total 42496K, used 42380K [0x00000007b0000000, 0x00000007b2980000, 0x00000007c0000000)
  object space 42496K, 99% used [0x00000007b0000000,0x00000007b2963118,0x00000007b2980000)
Event: 42.989 GC heap after
Heap after GC invocations=14 (full 0):
 PSYoungGen      total 322560K, used 9368K [0x00000007eaa80000, 0x0000000800000000, 0x0000000800000000)
  eden space 311808K, 0% used [0x00000007eaa80000,0x00000007eaa80000,0x00000007fdb00000)
  from space 10752K, 87% used [0x00000007ff580000,0x00000007ffea6218,0x0000000800000000)
  to   space 18944K, 0% used [0x00000007fdb00000,0x00000007fdb00000,0x00000007fed80000)
 ParOldGen       total 87040K, used 53704K [0x00000007c0000000, 0x00000007c5500000, 0x00000007eaa80000)
  object space 87040K, 61% used [0x00000007c0000000,0x00000007c34721e0,0x00000007c5500000)
 PSPermGen       total 42496K, used 42380K [0x00000007b0000000, 0x00000007b2980000, 0x00000007c0000000)
  object space 42496K, 99% used [0x00000007b0000000,0x00000007b2963118,0x00000007b2980000)
}
Event: 42.989 GC heap before
{Heap before GC invocations=15 (full 1):
 PSYoungGen      total 322560K, used 9368K [0x00000007eaa80000, 0x0000000800000000, 0x0000000800000000)
  eden space 311808K, 0% used [0x00000007eaa80000,0x00000007eaa80000,0x00000007fdb00000)
  from space 10752K, 87% used [0x00000007ff580000,0x00000007ffea6218,0x0000000800000000)
  to   space 18944K, 0% used [0x00000007fdb00000,0x00000007fdb00000,0x00000007fed80000)
 ParOldGen       total 87040K, used 53704K [0x00000007c0000000, 0x00000007c5500000, 0x00000007eaa80000)
  object space 87040K, 61% used [0x00000007c0000000,0x00000007c34721e0,0x00000007c5500000)
 PSPermGen       total 42496K, used 42380K [0x00000007b0000000, 0x00000007b2980000, 0x00000007c0000000)
  object space 42496K, 99% used [0x00000007b0000000,0x00000007b2963118,0x00000007b2980000)
Event: 44.309 GC heap after
Heap after GC invocations=15 (full 1):
 PSYoungGen      total 322560K, used 0K [0x00000007eaa80000, 0x0000000800000000, 0x0000000800000000)
  eden space 311808K, 0% used [0x00000007eaa80000,0x00000007eaa80000,0x00000007fdb00000)
  from space 10752K, 0% used [0x00000007ff580000,0x00000007ff580000,0x0000000800000000)
  to   space 18944K, 0% used [0x00000007fdb00000,0x00000007fdb00000,0x00000007fed80000)
 ParOldGen       total 87040K, used 47084K [0x00000007c0000000, 0x00000007c5500000, 0x00000007eaa80000)
  object space 87040K, 54% used [0x00000007c0000000,0x00000007c2dfb3b8,0x00000007c5500000)
 PSPermGen       total 84992K, used 42207K [0x00000007b0000000, 0x00000007b5300000, 0x00000007c0000000)
  object space 84992K, 49% used [0x00000007b0000000,0x00000007b2937c58,0x00000007b5300000)
}
Event: 71.076 GC heap before
{Heap before GC invocations=16 (full 1):
 PSYoungGen      total 322560K, used 311808K [0x00000007eaa80000, 0x0000000800000000, 0x0000000800000000)
  eden space 311808K, 100% used [0x00000007eaa80000,0x00000007fdb00000,0x00000007fdb00000)
  from space 10752K, 0% used [0x00000007ff580000,0x00000007ff580000,0x0000000800000000)
  to   space 18944K, 0% used [0x00000007fdb00000,0x00000007fdb00000,0x00000007fed80000)
 ParOldGen       total 87040K, used 47084K [0x00000007c0000000, 0x00000007c5500000, 0x00000007eaa80000)
  object space 87040K, 54% used [0x00000007c0000000,0x00000007c2dfb3b8,0x00000007c5500000)
 PSPermGen       total 84992K, used 45390K [0x00000007b0000000, 0x00000007b5300000, 0x00000007c0000000)
  object space 84992K, 53% used [0x00000007b0000000,0x00000007b2c53a40,0x00000007b5300000)
Event: 71.109 GC heap after
Heap after GC invocations=16 (full 1):
 PSYoungGen      total 310784K, used 12598K [0x00000007eaa80000, 0x00000007ff600000, 0x0000000800000000)
  eden space 297984K, 0% used [0x00000007eaa80000,0x00000007eaa80000,0x00000007fcd80000)
  from space 12800K, 98% used [0x00000007fdb00000,0x00000007fe74da70,0x00000007fe780000)
  to   space 14848K, 0% used [0x00000007fe780000,0x00000007fe780000,0x00000007ff600000)
 ParOldGen       total 87040K, used 47084K [0x00000007c0000000, 0x00000007c5500000, 0x00000007eaa80000)
  object space 87040K, 54% used [0x00000007c0000000,0x00000007c2dfb3b8,0x00000007c5500000)
 PSPermGen       total 84992K, used 45390K [0x00000007b0000000, 0x00000007b5300000, 0x00000007c0000000)
  object space 84992K, 53% used [0x00000007b0000000,0x00000007b2c53a40,0x00000007b5300000)
}

